Determining if the pthread_create exist failed with the following output:
Change Dir: /home/amaan/catkin_ws/build/CMakeFiles/CMakeTmp

Run Build Command:"/usr/bin/make" "cmTC_b2563/fast"
/usr/bin/make -f CMakeFiles/cmTC_b2563.dir/build.make CMakeFiles/cmTC_b2563.dir/build
make[1]: Entering directory '/home/amaan/catkin_ws/build/CMakeFiles/CMakeTmp'
Building C object CMakeFiles/cmTC_b2563.dir/CheckSymbolExists.c.o
/usr/bin/cc    -o CMakeFiles/cmTC_b2563.dir/CheckSymbolExists.c.o   -c /home/amaan/catkin_ws/build/CMakeFiles/CMakeTmp/CheckSymbolExists.c
Linking C executable cmTC_b2563
/usr/bin/cmake -E cmake_link_script CMakeFiles/cmTC_b2563.dir/link.txt --verbose=1
/usr/bin/cc      -rdynamic CMakeFiles/cmTC_b2563.dir/CheckSymbolExists.c.o  -o cmTC_b2563 
CMakeFiles/cmTC_b2563.dir/CheckSymbolExists.c.o: In function `main':
CheckSymbolExists.c:(.text+0x14): undefined reference to `pthread_create'
CheckSymbolExists.c:(.text+0x18): undefined reference to `pthread_create'
collect2: error: ld returned 1 exit status
CMakeFiles/cmTC_b2563.dir/build.make:97: recipe for target 'cmTC_b2563' failed
make[1]: *** [cmTC_b2563] Error 1
make[1]: Leaving directory '/home/amaan/catkin_ws/build/CMakeFiles/CMakeTmp'
Makefile:126: recipe for target 'cmTC_b2563/fast' failed
make: *** [cmTC_b2563/fast] Error 2

File /home/amaan/catkin_ws/build/CMakeFiles/CMakeTmp/CheckSymbolExists.c:
/* */
#include <pthread.h>

int main(int argc, char** argv)
{
  (void)argv;
#ifndef pthread_create
  return ((int*)(&pthread_create))[argc];
#else
  (void)argc;
  return 0;
#endif
}

Determining if the function pthread_create exists in the pthreads failed with the following output:
Change Dir: /home/amaan/catkin_ws/build/CMakeFiles/CMakeTmp

Run Build Command:"/usr/bin/make" "cmTC_127a8/fast"
/usr/bin/make -f CMakeFiles/cmTC_127a8.dir/build.make CMakeFiles/cmTC_127a8.dir/build
make[1]: Entering directory '/home/amaan/catkin_ws/build/CMakeFiles/CMakeTmp'
Building C object CMakeFiles/cmTC_127a8.dir/CheckFunctionExists.c.o
/usr/bin/cc   -DCHECK_FUNCTION_EXISTS=pthread_create   -o CMakeFiles/cmTC_127a8.dir/CheckFunctionExists.c.o   -c /usr/share/cmake-3.10/Modules/CheckFunctionExists.c
Linking C executable cmTC_127a8
/usr/bin/cmake -E cmake_link_script CMakeFiles/cmTC_127a8.dir/link.txt --verbose=1
/usr/bin/cc  -DCHECK_FUNCTION_EXISTS=pthread_create    -rdynamic CMakeFiles/cmTC_127a8.dir/CheckFunctionExists.c.o  -o cmTC_127a8 -lpthreads 
/usr/bin/ld: cannot find -lpthreads
collect2: error: ld returned 1 exit status
CMakeFiles/cmTC_127a8.dir/build.make:97: recipe for target 'cmTC_127a8' failed
make[1]: *** [cmTC_127a8] Error 1
make[1]: Leaving directory '/home/amaan/catkin_ws/build/CMakeFiles/CMakeTmp'
Makefile:126: recipe for target 'cmTC_127a8/fast' failed
make: *** [cmTC_127a8/fast] Error 2


